<?xml version="1.0" encoding="UTF-8"?>
<!-- Generated by org.testng.reporters.JUnitReportReporter -->
<testsuite skipped="0" hostname="DESKTOP-QTHT79U" name="com.alg.test.executionengine.Executor" tests="10" failures="0" timestamp="12 May 2018 15:30:56 GMT" time="25.081" errors="0">
  <testcase name="testCase" time="0.003" classname="com.alg.test.executionengine.Executor"/>
  <testcase name="testCase" time="0.005" classname="com.alg.test.executionengine.Executor"/>
  <testcase name="testCase" time="0.004" classname="com.alg.test.executionengine.Executor"/>
  <testcase name="testCase" time="0.003" classname="com.alg.test.executionengine.Executor"/>
  <testcase name="testCase" time="0.005" classname="com.alg.test.executionengine.Executor"/>
  <testcase name="testCase" time="0.003" classname="com.alg.test.executionengine.Executor"/>
  <testcase name="testCase" time="0.002" classname="com.alg.test.executionengine.Executor"/>
  <testcase name="testCase" time="16.099" classname="com.alg.test.executionengine.Executor"/>
  <testcase name="testCase" time="0.003" classname="com.alg.test.executionengine.Executor"/>
  <testcase name="testCase" time="8.954" classname="com.alg.test.executionengine.Executor"/>
</testsuite> <!-- com.alg.test.executionengine.Executor -->
